c:\users\alvynez\source\repos\gsui ax25\gs ui\release\vc141.pdb
c:\users\alvynez\source\repos\gsui ax25\gs ui\release\aboutdialog.obj
c:\users\alvynez\source\repos\gsui ax25\gs ui\release\myform.obj
c:\users\alvynez\source\repos\gsui ax25\gs ui\release\incomingtransfer.obj
c:\users\alvynez\source\repos\gsui ax25\gs ui\release\.netframework,version=v4.6.1.assemblyattributes.obj
c:\users\alvynez\source\repos\gsui ax25\gs ui\release\.netframework,version=v4.6.1.assemblyattributes.asm
c:\users\alvynez\source\repos\gsui ax25\gs ui\release\gsui.incomingtransfer.resources
c:\users\alvynez\source\repos\gsui ax25\gs ui\release\gsui.myform.resources
c:\users\alvynez\source\repos\gsui ax25\gs ui\release\gsui.aboutdialog.resources
c:\users\alvynez\source\repos\gsui ax25\release\gs_ui.exe
c:\users\alvynez\source\repos\gsui ax25\release\gs_ui.pdb
c:\users\alvynez\source\repos\gsui ax25\gs ui\release\gs ui.vcxproj.generateresource.cache
c:\users\alvynez\source\repos\gsui ax25\gs ui\release\gs ui.vcxprojassemblyreference.cache
c:\users\alvynez\source\repos\gsui ax25\gs ui\release\gs_ui.tlog\cl.command.1.tlog
c:\users\alvynez\source\repos\gsui ax25\gs ui\release\gs_ui.tlog\cl.read.1.tlog
c:\users\alvynez\source\repos\gsui ax25\gs ui\release\gs_ui.tlog\cl.write.1.tlog
c:\users\alvynez\source\repos\gsui ax25\gs ui\release\gs_ui.tlog\gs_ui.write.1u.tlog
c:\users\alvynez\source\repos\gsui ax25\gs ui\release\gs_ui.tlog\link.command.1.tlog
c:\users\alvynez\source\repos\gsui ax25\gs ui\release\gs_ui.tlog\link.read.1.tlog
c:\users\alvynez\source\repos\gsui ax25\gs ui\release\gs_ui.tlog\link.write.1.tlog
c:\users\alvynez\source\repos\gsui ax25\gs ui\release\gs_ui.tlog\metagen.read.1.tlog
c:\users\alvynez\source\repos\gsui ax25\gs ui\release\gs_ui.tlog\metagen.write.1.tlog
