c:\users\alvynez\desktop\school\5th year\project\code\gsui ax25\gs ui\debug\vc141.pdb
c:\users\alvynez\desktop\school\5th year\project\code\gsui ax25\gs ui\debug\aboutdialog.obj
c:\users\alvynez\desktop\school\5th year\project\code\gsui ax25\gs ui\debug\myform.obj
c:\users\alvynez\desktop\school\5th year\project\code\gsui ax25\gs ui\debug\downlinktransfer.obj
c:\users\alvynez\desktop\school\5th year\project\code\gsui ax25\gs ui\debug\.netframework,version=v4.6.1.assemblyattributes.obj
c:\users\alvynez\desktop\school\5th year\project\code\gsui ax25\gs ui\debug\.netframework,version=v4.6.1.assemblyattributes.asm
c:\users\alvynez\desktop\school\5th year\project\code\gsui ax25\gs ui\debug\gsui.downlinktransfer.resources
c:\users\alvynez\desktop\school\5th year\project\code\gsui ax25\gs ui\debug\gsui.myform.resources
c:\users\alvynez\desktop\school\5th year\project\code\gsui ax25\gs ui\debug\gsui.aboutdialog.resources
c:\users\alvynez\desktop\school\5th year\project\code\gsui ax25\debug\gs_ui.exe
c:\users\alvynez\desktop\school\5th year\project\code\gsui ax25\debug\gs_ui.pdb
c:\users\alvynez\desktop\school\5th year\project\code\gsui ax25\gs ui\debug\gs ui.vcxproj.generateresource.cache
c:\users\alvynez\desktop\school\5th year\project\code\gsui ax25\gs ui\debug\gs_ui.tlog\cl.command.1.tlog
c:\users\alvynez\desktop\school\5th year\project\code\gsui ax25\gs ui\debug\gs_ui.tlog\cl.read.1.tlog
c:\users\alvynez\desktop\school\5th year\project\code\gsui ax25\gs ui\debug\gs_ui.tlog\cl.write.1.tlog
c:\users\alvynez\desktop\school\5th year\project\code\gsui ax25\gs ui\debug\gs_ui.tlog\gs_ui.write.1u.tlog
c:\users\alvynez\desktop\school\5th year\project\code\gsui ax25\gs ui\debug\gs_ui.tlog\link.command.1.tlog
c:\users\alvynez\desktop\school\5th year\project\code\gsui ax25\gs ui\debug\gs_ui.tlog\link.read.1.tlog
c:\users\alvynez\desktop\school\5th year\project\code\gsui ax25\gs ui\debug\gs_ui.tlog\link.write.1.tlog
c:\users\alvynez\desktop\school\5th year\project\code\gsui ax25\gs ui\debug\gs_ui.tlog\metagen.read.1.tlog
c:\users\alvynez\desktop\school\5th year\project\code\gsui ax25\gs ui\debug\gs_ui.tlog\metagen.write.1.tlog
